<?xml version="1.0" encoding="UTF-8"?>
<testsuite name="SeriesSpec" tests="5" skipped="0" failures="0" errors="0" timestamp="2023-07-28T09:50:39" hostname="Mehuls-MacBook-Pro.local" time="0.083">
  <properties/>
  <testcase name="test the fibo() [n: 8, r: [0, 1, 1, 2, 3, 5, 8, 13], #0]" classname="SeriesSpec" time="0.056"/>
  <testcase name="test the fibo() [n: 3, r: [0, 1, 1], #1]" classname="SeriesSpec" time="0.0"/>
  <testcase name="test the fibo() [n: 2, r: [0, 1], #2]" classname="SeriesSpec" time="0.008"/>
  <testcase name="test the fibo() [n: 4, r: [0, 1, 1, 2], #3]" classname="SeriesSpec" time="0.002"/>
  <testcase name="test the fibo() for n less than 2" classname="SeriesSpec" time="0.009"/>
  <system-out><![CDATA[]]></system-out>
  <system-err><![CDATA[]]></system-err>
</testsuite>
